<?xml version="1.0" encoding="UTF-8"?>
<testng-results ignored="0" total="1" passed="1" failed="0" skipped="0">
  <reporter-output>
  </reporter-output>
  <suite started-at="2026-02-06T21:58:47 IST" name="Default suite" finished-at="2026-02-06T21:59:00 IST" duration-ms="12802">
    <groups>
    </groups>
    <test started-at="2026-02-06T21:58:47 IST" name="Default test" finished-at="2026-02-06T21:59:00 IST" duration-ms="12802">
      <class name="OrangeHRMSS.MouseHover">
        <test-method is-config="true" signature="setup()[pri:0, instance:OrangeHRMSS.MouseHover@fbd1f6]" started-at="2026-02-06T21:58:47 IST" name="setup" finished-at="2026-02-06T21:58:57 IST" duration-ms="10071" status="PASS">
          <reporter-output>
          </reporter-output>
        </test-method> <!-- setup -->
        <test-method signature="mousehover()[pri:0, instance:OrangeHRMSS.MouseHover@fbd1f6]" started-at="2026-02-06T21:58:57 IST" name="mousehover" finished-at="2026-02-06T21:59:00 IST" duration-ms="2603" status="PASS">
          <reporter-output>
          </reporter-output>
        </test-method> <!-- mousehover -->
      </class> <!-- OrangeHRMSS.MouseHover -->
    </test> <!-- Default test -->
  </suite> <!-- Default suite -->
</testng-results>
