<?xml version="1.0" encoding="UTF-8"?>
<testng-results ignored="0" total="1" passed="1" failed="0" skipped="0">
  <reporter-output>
  </reporter-output>
  <suite started-at="2026-02-04T10:01:23 IST" name="Default suite" finished-at="2026-02-04T10:02:18 IST" duration-ms="55058">
    <groups>
    </groups>
    <test started-at="2026-02-04T10:01:23 IST" name="Default test" finished-at="2026-02-04T10:02:18 IST" duration-ms="55058">
      <class name="OrangeHRMSS.colour_font_posstin_validation">
        <test-method signature="clour()[pri:0, instance:OrangeHRMSS.colour_font_posstin_validation@4c402120]" started-at="2026-02-04T10:01:23 IST" name="clour" finished-at="2026-02-04T10:02:18 IST" duration-ms="54804" status="PASS">
          <reporter-output>
          </reporter-output>
        </test-method> <!-- clour -->
      </class> <!-- OrangeHRMSS.colour_font_posstin_validation -->
    </test> <!-- Default test -->
  </suite> <!-- Default suite -->
</testng-results>
